<?xml version="1.0" encoding="UTF-8" ?>
<testsuite errors="0" failures="0" hostname="MARIN-PC" name="hr.fer.zemris.java.hw_13.voting.BandTest" skipped="0" tests="2" time="0.088" timestamp="2015-06-12T19:13:53">
  <properties>
[...]
</properties>
  <testcase classname="hr.fer.zemris.java.hw_13.voting.BandTest" name="Constructor_1_test" time="0.008" />
  <testcase classname="hr.fer.zemris.java.hw_13.voting.BandTest" name="Constructor_2_test" time="0.0" />
  <system-out><![CDATA[]]></system-out>
  <system-err><![CDATA[]]></system-err>
</testsuite>
